0 info it worked if it ends with ok
1 verbose cli [ '/usr/local/bin/node',
1 verbose cli   '/usr/local/bin/npm',
1 verbose cli   'run',
1 verbose cli   'build:dev' ]
2 info using npm@3.10.10
3 info using node@v6.10.0
4 verbose run-script [ 'prebuild:dev', 'build:dev', 'postbuild:dev' ]
5 info lifecycle wordvue@1.0.0~prebuild:dev: wordvue@1.0.0
6 silly lifecycle wordvue@1.0.0~prebuild:dev: no script for prebuild:dev, continuing
7 info lifecycle wordvue@1.0.0~build:dev: wordvue@1.0.0
8 verbose lifecycle wordvue@1.0.0~build:dev: unsafe-perm in lifecycle true
9 verbose lifecycle wordvue@1.0.0~build:dev: PATH: /usr/local/lib/node_modules/npm/bin/node-gyp-bin:/Users/itzikbenhutta/php/wordvue/wp-content/themes/WordVuePack/node_modules/.bin:/Library/Frameworks/Python.framework/Versions/3.6/bin:/Users/itzikbenhutta/.composer/vendor/bin:/usr/local/bin:/usr/local/sbin:/usr/local/mysql/bin:/usr/local/bin:/usr/bin:/bin:/usr/sbin:/sbin:/usr/local/share/dotnet:/usr/local/go/bin:/Library/Frameworks/Mono.framework/Versions/Current/Commands
10 verbose lifecycle wordvue@1.0.0~build:dev: CWD: /Users/itzikbenhutta/php/wordvue/wp-content/themes/WordVuePack
11 silly lifecycle wordvue@1.0.0~build:dev: Args: [ '-c', 'webpack --env.dev' ]
12 silly lifecycle wordvue@1.0.0~build:dev: Returned: code: 2  signal: null
13 info lifecycle wordvue@1.0.0~build:dev: Failed to exec build:dev script
14 verbose stack Error: wordvue@1.0.0 build:dev: `webpack --env.dev`
14 verbose stack Exit status 2
14 verbose stack     at EventEmitter.<anonymous> (/usr/local/lib/node_modules/npm/lib/utils/lifecycle.js:255:16)
14 verbose stack     at emitTwo (events.js:106:13)
14 verbose stack     at EventEmitter.emit (events.js:191:7)
14 verbose stack     at ChildProcess.<anonymous> (/usr/local/lib/node_modules/npm/lib/utils/spawn.js:40:14)
14 verbose stack     at emitTwo (events.js:106:13)
14 verbose stack     at ChildProcess.emit (events.js:191:7)
14 verbose stack     at maybeClose (internal/child_process.js:877:16)
14 verbose stack     at Process.ChildProcess._handle.onexit (internal/child_process.js:226:5)
15 verbose pkgid wordvue@1.0.0
16 verbose cwd /Users/itzikbenhutta/php/wordvue/wp-content/themes/WordVuePack
17 error Darwin 16.7.0
18 error argv "/usr/local/bin/node" "/usr/local/bin/npm" "run" "build:dev"
19 error node v6.10.0
20 error npm  v3.10.10
21 error code ELIFECYCLE
22 error wordvue@1.0.0 build:dev: `webpack --env.dev`
22 error Exit status 2
23 error Failed at the wordvue@1.0.0 build:dev script 'webpack --env.dev'.
23 error Make sure you have the latest version of node.js and npm installed.
23 error If you do, this is most likely a problem with the wordvue package,
23 error not with npm itself.
23 error Tell the author that this fails on your system:
23 error     webpack --env.dev
23 error You can get information on how to open an issue for this project with:
23 error     npm bugs wordvue
23 error Or if that isn't available, you can get their info via:
23 error     npm owner ls wordvue
23 error There is likely additional logging output above.
24 verbose exit [ 1, true ]
